<?xml version="1.0" encoding="UTF-8"?>
<!-- Generated by org.testng.reporters.JUnitReportReporter -->
<testsuite hostname="STARK" failures="0" tests="3" name="TestClassPackage.TestClassWithBase" time="0.027" errors="0" timestamp="2022-11-17T09:33:05 IST" skipped="0">
  <testcase classname="TestClassPackage.TestClassWithBase" name="TC03" time="0.003"/>
  <system-out/>
  <testcase classname="TestClassPackage.TestClassWithBase" name="TC01" time="0.019"/>
  <system-out/>
  <testcase classname="TestClassPackage.TestClassWithBase" name="TC02" time="0.005"/>
  <system-out/>
</testsuite> <!-- TestClassPackage.TestClassWithBase -->
