<?xml version="1.0" encoding="UTF-8"?>
<!-- Generated by org.testng.reporters.JUnitReportReporter -->
<testsuite hostname="STARK" failures="0" tests="1" name="Flipkart.TestClass" time="29.864" errors="0" timestamp="2022-10-15T23:23:28 IST" skipped="0">
  <testcase classname="Flipkart.TestClass" name="test" time="29.864"/>
  <system-out/>
</testsuite> <!-- Flipkart.TestClass -->
